*ERROR* 	v8.0.4	2024/02/26 - 23:45:39: PDOException: SQLSTATE[42S01]: Base table or view already exists: 1050 Table '`prestashop`.`ps_accessory`' already exists in C:\xampp\htdocs\prestashop\classes\db\DbPDO.php:149
Stack trace:
#0 C:\xampp\htdocs\prestashop\classes\db\DbPDO.php(149): PDO->query('CREATE TABLE `p...')
#1 C:\xampp\htdocs\prestashop\classes\db\Db.php(377): DbPDOCore->_query('CREATE TABLE `p...')
#2 C:\xampp\htdocs\prestashop\classes\db\Db.php(567): DbCore->query('CREATE TABLE `p...')
#3 C:\xampp\htdocs\prestashop\src\PrestaShopBundle\Install\SqlLoader.php(118): DbCore->execute('CREATE TABLE `p...')
#4 C:\xampp\htdocs\prestashop\src\PrestaShopBundle\Install\SqlLoader.php(97): PrestaShopBundle\Install\SqlLoader->parse('SET\n  SESSION s...', true)
#5 C:\xampp\htdocs\prestashop\src\PrestaShopBundle\Install\SqlLoader.php(82): PrestaShopBundle\Install\SqlLoader->parseFile('C:\\xampp\\htdocs...', true)
#6 C:\xampp\htdocs\prestashop\src\PrestaShopBundle\Install\Install.php(306): PrestaShopBundle\Install\SqlLoader->parse_file('C:\\xampp\\htdocs...')
#7 C:\xampp\htdocs\prestashop\install\controllers\http\process.php(163): PrestaShopBundle\Install\Install->installDatabase('1')
#8 C:\xampp\htdocs\prestashop\install\controllers\http\process.php(92): InstallControllerHttpProcess->processInstallDatabase()
#9 C:\xampp\htdocs\prestashop\install\classes\controllerHttp.php(277): InstallControllerHttpProcess->process()
#10 C:\xampp\htdocs\prestashop\install\index.php(53): InstallControllerHttp::execute()
#11 {main}

Next PrestaShopException: SQLSTATE[42S01]: Base table or view already exists: 1050 Table '`prestashop`.`ps_accessory`' already exists in C:\xampp\htdocs\prestashop\classes\db\DbPDO.php:151
Stack trace:
#0 C:\xampp\htdocs\prestashop\classes\db\Db.php(377): DbPDOCore->_query('CREATE TABLE `p...')
#1 C:\xampp\htdocs\prestashop\classes\db\Db.php(567): DbCore->query('CREATE TABLE `p...')
#2 C:\xampp\htdocs\prestashop\src\PrestaShopBundle\Install\SqlLoader.php(118): DbCore->execute('CREATE TABLE `p...')
#3 C:\xampp\htdocs\prestashop\src\PrestaShopBundle\Install\SqlLoader.php(97): PrestaShopBundle\Install\SqlLoader->parse('SET\n  SESSION s...', true)
#4 C:\xampp\htdocs\prestashop\src\PrestaShopBundle\Install\SqlLoader.php(82): PrestaShopBundle\Install\SqlLoader->parseFile('C:\\xampp\\htdocs...', true)
#5 C:\xampp\htdocs\prestashop\src\PrestaShopBundle\Install\Install.php(306): PrestaShopBundle\Install\SqlLoader->parse_file('C:\\xampp\\htdocs...')
#6 C:\xampp\htdocs\prestashop\install\controllers\http\process.php(163): PrestaShopBundle\Install\Install->installDatabase('1')
#7 C:\xampp\htdocs\prestashop\install\controllers\http\process.php(92): InstallControllerHttpProcess->processInstallDatabase()
#8 C:\xampp\htdocs\prestashop\install\classes\controllerHttp.php(277): InstallControllerHttpProcess->process()
#9 C:\xampp\htdocs\prestashop\install\index.php(53): InstallControllerHttp::execute()
#10 {main}
*ERROR* 	v8.0.4	2024/02/26 - 23:47:44: PDOException: SQLSTATE[HY000]: General error: 1813 Tablespace for table '`prestashop`.`ps_accessory`' exists. Please DISCARD the tablespace before IMPORT in C:\xampp\htdocs\prestashop\classes\db\DbPDO.php:149
Stack trace:
#0 C:\xampp\htdocs\prestashop\classes\db\DbPDO.php(149): PDO->query('CREATE TABLE `p...')
#1 C:\xampp\htdocs\prestashop\classes\db\Db.php(377): DbPDOCore->_query('CREATE TABLE `p...')
#2 C:\xampp\htdocs\prestashop\classes\db\Db.php(567): DbCore->query('CREATE TABLE `p...')
#3 C:\xampp\htdocs\prestashop\src\PrestaShopBundle\Install\SqlLoader.php(118): DbCore->execute('CREATE TABLE `p...')
#4 C:\xampp\htdocs\prestashop\src\PrestaShopBundle\Install\SqlLoader.php(97): PrestaShopBundle\Install\SqlLoader->parse('SET\n  SESSION s...', true)
#5 C:\xampp\htdocs\prestashop\src\PrestaShopBundle\Install\SqlLoader.php(82): PrestaShopBundle\Install\SqlLoader->parseFile('C:\\xampp\\htdocs...', true)
#6 C:\xampp\htdocs\prestashop\src\PrestaShopBundle\Install\Install.php(306): PrestaShopBundle\Install\SqlLoader->parse_file('C:\\xampp\\htdocs...')
#7 C:\xampp\htdocs\prestashop\install\controllers\http\process.php(163): PrestaShopBundle\Install\Install->installDatabase(true)
#8 C:\xampp\htdocs\prestashop\install\controllers\http\process.php(92): InstallControllerHttpProcess->processInstallDatabase()
#9 C:\xampp\htdocs\prestashop\install\classes\controllerHttp.php(277): InstallControllerHttpProcess->process()
#10 C:\xampp\htdocs\prestashop\install\index.php(53): InstallControllerHttp::execute()
#11 {main}

Next PrestaShopException: SQLSTATE[HY000]: General error: 1813 Tablespace for table '`prestashop`.`ps_accessory`' exists. Please DISCARD the tablespace before IMPORT in C:\xampp\htdocs\prestashop\classes\db\DbPDO.php:151
Stack trace:
#0 C:\xampp\htdocs\prestashop\classes\db\Db.php(377): DbPDOCore->_query('CREATE TABLE `p...')
#1 C:\xampp\htdocs\prestashop\classes\db\Db.php(567): DbCore->query('CREATE TABLE `p...')
#2 C:\xampp\htdocs\prestashop\src\PrestaShopBundle\Install\SqlLoader.php(118): DbCore->execute('CREATE TABLE `p...')
#3 C:\xampp\htdocs\prestashop\src\PrestaShopBundle\Install\SqlLoader.php(97): PrestaShopBundle\Install\SqlLoader->parse('SET\n  SESSION s...', true)
#4 C:\xampp\htdocs\prestashop\src\PrestaShopBundle\Install\SqlLoader.php(82): PrestaShopBundle\Install\SqlLoader->parseFile('C:\\xampp\\htdocs...', true)
#5 C:\xampp\htdocs\prestashop\src\PrestaShopBundle\Install\Install.php(306): PrestaShopBundle\Install\SqlLoader->parse_file('C:\\xampp\\htdocs...')
#6 C:\xampp\htdocs\prestashop\install\controllers\http\process.php(163): PrestaShopBundle\Install\Install->installDatabase(true)
#7 C:\xampp\htdocs\prestashop\install\controllers\http\process.php(92): InstallControllerHttpProcess->processInstallDatabase()
#8 C:\xampp\htdocs\prestashop\install\classes\controllerHttp.php(277): InstallControllerHttpProcess->process()
#9 C:\xampp\htdocs\prestashop\install\index.php(53): InstallControllerHttp::execute()
#10 {main}
